<?xml version="1.0" encoding="UTF-8"?>
<testsuite name="is.ru.TicTacToe.TicTacToeTests" tests="4" skipped="0" failures="0" errors="0" timestamp="2017-10-25T11:51:03" hostname="niceCroissant" time="0.004">
  <properties/>
  <testcase name="testXOnPosition0" classname="is.ru.TicTacToe.TicTacToeTests" time="0.003"/>
  <testcase name="testGetValueOutOfBounds" classname="is.ru.TicTacToe.TicTacToeTests" time="0.0"/>
  <testcase name="testInsertOnTaken" classname="is.ru.TicTacToe.TicTacToeTests" time="0.001"/>
  <testcase name="testInsertOutOfBounds" classname="is.ru.TicTacToe.TicTacToeTests" time="0.0"/>
  <system-out><![CDATA[]]></system-out>
  <system-err><![CDATA[]]></system-err>
</testsuite>
